[0m23:00:29.418260 [debug] [MainThread]: Sending event: {'category': 'dbt', 'action': 'invocation', 'label': 'start', 'context': [<snowplow_tracker.self_describing_json.SelfDescribingJson object at 0x10bb29a80>, <snowplow_tracker.self_describing_json.SelfDescribingJson object at 0x10d4fb340>, <snowplow_tracker.self_describing_json.SelfDescribingJson object at 0x10d4fba60>]}


============================== 23:00:29.425096 | b71b26e2-bf41-4b5f-b5bf-224839f53afb ==============================
[0m23:00:29.425096 [info ] [MainThread]: Running with dbt=1.7.7
[0m23:00:29.425954 [debug] [MainThread]: running dbt with arguments {'printer_width': '80', 'indirect_selection': 'eager', 'write_json': 'True', 'log_cache_events': 'False', 'partial_parse': 'True', 'cache_selected_only': 'False', 'warn_error': 'None', 'fail_fast': 'False', 'profiles_dir': '/Users/kamalan/.dbt', 'log_path': 'logs', 'debug': 'False', 'version_check': 'True', 'use_colors': 'True', 'use_experimental_parser': 'False', 'no_print': 'None', 'quiet': 'False', 'warn_error_options': 'WarnErrorOptions(include=[], exclude=[])', 'introspect': 'True', 'static_parser': 'True', 'invocation_command': 'dbt init learn-dbt', 'target_path': 'None', 'log_format': 'default', 'send_anonymous_usage_stats': 'True'}
[0m23:00:29.426839 [warn ] [MainThread]: [ConfigFolderDirectory]: Unable to parse dict {'dir': PosixPath('/Users/kamalan/.dbt')}
[0m23:00:29.427532 [info ] [MainThread]: Creating dbt configuration folder at 
[0m23:01:23.770518 [debug] [MainThread]: Starter project path: /Users/kamalan/Documents/Reading/Repositories/learn-dbt/dbt-env/lib/python3.10/site-packages/dbt/include/starter_project
[0m23:01:23.782275 [info ] [MainThread]: 
Your new dbt project "learn_dbt" was created!

For more information on how to configure the profiles.yml file,
please consult the dbt documentation here:

  https://docs.getdbt.com/docs/configure-your-profile

One more thing:

Need help? Don't hesitate to reach out to us via GitHub issues or on Slack:

  https://community.getdbt.com/

Happy modeling!

[0m23:01:23.782971 [info ] [MainThread]: Setting up your profile.
[0m23:02:36.343486 [info ] [MainThread]: Profile learn_dbt written to /Users/kamalan/.dbt/profiles.yml using target's profile_template.yml and your supplied values. Run 'dbt debug' to validate the connection.
[0m23:02:36.363365 [debug] [MainThread]: Resource report: {"command_name": "init", "command_success": true, "command_wall_clock_time": 126.980194, "process_user_time": 2.304323, "process_kernel_time": 0.316942, "process_mem_max_rss": "90959872", "process_in_blocks": "0", "process_out_blocks": "0"}
[0m23:02:36.364316 [debug] [MainThread]: Command `dbt init` succeeded at 23:02:36.364087 after 126.98 seconds
[0m23:02:36.364951 [debug] [MainThread]: Sending event: {'category': 'dbt', 'action': 'invocation', 'label': 'end', 'context': [<snowplow_tracker.self_describing_json.SelfDescribingJson object at 0x10bb29a80>, <snowplow_tracker.self_describing_json.SelfDescribingJson object at 0x109784a90>, <snowplow_tracker.self_describing_json.SelfDescribingJson object at 0x10d4fb7c0>]}
[0m23:02:36.365593 [debug] [MainThread]: Flushing usage events
